<?xml version="1.0" encoding="UTF-8"?>
<!-- Generated by org.testng.reporters.JUnitReportReporter -->
<testsuite skipped="0" hostname="DESKTOP-7V1Q3CB" name="com.day5.UnidavisTest" tests="1" failures="0" timestamp="12 May 2020 20:19:04 GMT" time="14.682" errors="0">
  <testcase name="loginTest" time="14.682" classname="com.day5.UnidavisTest"/>
</testsuite> <!-- com.day5.UnidavisTest -->
