<?xml version="1.0" encoding="UTF-8"?>
<!-- Generated by org.testng.reporters.JUnitReportReporter -->
<testsuite skipped="0" hostname="DESKTOP-7V1Q3CB" name="com.day6.UnidavisTest" tests="1" failures="0" timestamp="15 Feb 2021 14:16:25 GMT" time="16.046" errors="0">
  <testcase name="loginTest" time="16.046" classname="com.day6.UnidavisTest"/>
</testsuite> <!-- com.day6.UnidavisTest -->
